0 info it worked if it ends with ok
1 verbose cli [ '/usr/bin/nodejs', '/usr/bin/npm', 'install' ]
2 info using npm@3.5.2
3 info using node@v4.2.6
4 silly loadCurrentTree Starting
5 silly install loadCurrentTree
6 silly install readLocalPackageData
7 silly install normalizeTree
8 silly loadCurrentTree Finishing
9 silly loadIdealTree Starting
10 silly install loadIdealTree
11 silly cloneCurrentTree Starting
12 silly install cloneCurrentTreeToIdealTree
13 silly cloneCurrentTree Finishing
14 silly loadShrinkwrap Starting
15 silly install loadShrinkwrap
16 silly loadShrinkwrap Finishing
17 silly loadAllDepsIntoIdealTree Starting
18 silly install loadAllDepsIntoIdealTree
19 silly loadAllDepsIntoIdealTree Finishing
20 silly idealTree:prePrune asi-react-jump@1.0.0
20 silly idealTree:prePrune ├── abbrev@1.0.9
20 silly idealTree:prePrune ├── accepts@1.3.3
20 silly idealTree:prePrune ├── align-text@0.1.4
20 silly idealTree:prePrune ├── ansi-regex@2.0.0
20 silly idealTree:prePrune ├── ansi-styles@2.2.1
20 silly idealTree:prePrune ├── argparse@1.0.7
20 silly idealTree:prePrune ├── array-find-index@1.0.1
20 silly idealTree:prePrune ├── async@1.5.2
20 silly idealTree:prePrune ├── balanced-match@0.4.1
20 silly idealTree:prePrune ├── basic-auth@1.0.4
20 silly idealTree:prePrune ├── batch@0.5.3
20 silly idealTree:prePrune ├─┬ body-parser@1.14.2
20 silly idealTree:prePrune │ ├── http-errors@1.3.1
20 silly idealTree:prePrune │ └── qs@5.2.0
20 silly idealTree:prePrune ├── brace-expansion@1.1.5
20 silly idealTree:prePrune ├── browserify-zlib@0.1.4
20 silly idealTree:prePrune ├── builtin-modules@1.1.1
20 silly idealTree:prePrune ├── bytes@2.2.0
20 silly idealTree:prePrune ├── camelcase-keys@2.1.0
20 silly idealTree:prePrune ├── camelcase@2.1.1
20 silly idealTree:prePrune ├── center-align@0.1.3
20 silly idealTree:prePrune ├── chalk@1.1.3
20 silly idealTree:prePrune ├── cliui@2.1.0
20 silly idealTree:prePrune ├── coffee-script@1.10.0
20 silly idealTree:prePrune ├── colors@1.1.2
20 silly idealTree:prePrune ├── concat-map@0.0.1
20 silly idealTree:prePrune ├── concat-stream@1.5.1
20 silly idealTree:prePrune ├── connect-livereload@0.5.4
20 silly idealTree:prePrune ├── connect@3.4.1
20 silly idealTree:prePrune ├── content-type@1.0.2
20 silly idealTree:prePrune ├── core-util-is@1.0.2
20 silly idealTree:prePrune ├── cross-spawn@0.2.9
20 silly idealTree:prePrune ├── currently-unhandled@0.4.1
20 silly idealTree:prePrune ├── dargs@4.1.0
20 silly idealTree:prePrune ├── dateformat@1.0.12
20 silly idealTree:prePrune ├── debug@2.2.0
20 silly idealTree:prePrune ├── decamelize@1.2.0
20 silly idealTree:prePrune ├── depd@1.1.0
20 silly idealTree:prePrune ├── destroy@1.0.4
20 silly idealTree:prePrune ├── ee-first@1.1.1
20 silly idealTree:prePrune ├── encodeurl@1.0.1
20 silly idealTree:prePrune ├── error-ex@1.3.0
20 silly idealTree:prePrune ├── escape-html@1.0.3
20 silly idealTree:prePrune ├── escape-string-regexp@1.0.5
20 silly idealTree:prePrune ├── esprima@2.7.2
20 silly idealTree:prePrune ├── etag@1.7.0
20 silly idealTree:prePrune ├── eventemitter2@0.4.14
20 silly idealTree:prePrune ├── exit@0.1.2
20 silly idealTree:prePrune ├── faye-websocket@0.10.0
20 silly idealTree:prePrune ├── figures@1.7.0
20 silly idealTree:prePrune ├── finalhandler@0.4.1
20 silly idealTree:prePrune ├── find-up@1.1.2
20 silly idealTree:prePrune ├─┬ findup-sync@0.3.0
20 silly idealTree:prePrune │ └── glob@5.0.15
20 silly idealTree:prePrune ├── fresh@0.3.0
20 silly idealTree:prePrune ├── fs.realpath@1.0.0
20 silly idealTree:prePrune ├── gaze@1.0.0
20 silly idealTree:prePrune ├── get-stdin@4.0.1
20 silly idealTree:prePrune ├── getobject@0.1.0
20 silly idealTree:prePrune ├── glob@7.0.4
20 silly idealTree:prePrune ├─┬ globule@0.2.0
20 silly idealTree:prePrune │ ├─┬ glob@3.2.11
20 silly idealTree:prePrune │ │ └── minimatch@0.3.0
20 silly idealTree:prePrune │ ├── lodash@2.4.2
20 silly idealTree:prePrune │ └── minimatch@0.2.14
20 silly idealTree:prePrune ├── graceful-fs@4.1.4
20 silly idealTree:prePrune ├── grunt-cli@1.2.0
20 silly idealTree:prePrune ├─┬ grunt-contrib-clean@1.0.0
20 silly idealTree:prePrune │ └── rimraf@2.5.2
20 silly idealTree:prePrune ├── grunt-contrib-concat@1.0.1
20 silly idealTree:prePrune ├── grunt-contrib-connect@1.0.2
20 silly idealTree:prePrune ├─┬ grunt-contrib-sass@1.0.0
20 silly idealTree:prePrune │ └── async@0.9.2
20 silly idealTree:prePrune ├─┬ grunt-contrib-uglify@1.0.1
20 silly idealTree:prePrune │ └── lodash@4.13.1
20 silly idealTree:prePrune ├── grunt-contrib-watch@1.0.0
20 silly idealTree:prePrune ├── grunt-known-options@1.1.0
20 silly idealTree:prePrune ├─┬ grunt-legacy-log-utils@1.0.0
20 silly idealTree:prePrune │ └── lodash@4.3.0
20 silly idealTree:prePrune ├── grunt-legacy-log@1.0.0
20 silly idealTree:prePrune ├─┬ grunt-legacy-util@1.0.0
20 silly idealTree:prePrune │ └── lodash@4.3.0
20 silly idealTree:prePrune ├── grunt@1.0.1
20 silly idealTree:prePrune ├── gzip-size@1.0.0
20 silly idealTree:prePrune ├── has-ansi@2.0.0
20 silly idealTree:prePrune ├── hooker@0.2.3
20 silly idealTree:prePrune ├── hosted-git-info@2.1.5
20 silly idealTree:prePrune ├── http-errors@1.5.0
20 silly idealTree:prePrune ├── http2@3.3.4
20 silly idealTree:prePrune ├── iconv-lite@0.4.13
20 silly idealTree:prePrune ├── indent-string@2.1.0
20 silly idealTree:prePrune ├── inflight@1.0.5
20 silly idealTree:prePrune ├── inherits@2.0.1
20 silly idealTree:prePrune ├── is-arrayish@0.2.1
20 silly idealTree:prePrune ├── is-buffer@1.1.3
20 silly idealTree:prePrune ├── is-builtin-module@1.0.0
20 silly idealTree:prePrune ├── is-finite@1.0.1
20 silly idealTree:prePrune ├── is-utf8@0.2.1
20 silly idealTree:prePrune ├── isarray@1.0.0
20 silly idealTree:prePrune ├── isexe@1.1.2
20 silly idealTree:prePrune ├── js-yaml@3.5.5
20 silly idealTree:prePrune ├── kind-of@3.0.3
20 silly idealTree:prePrune ├── lazy-cache@1.0.4
20 silly idealTree:prePrune ├── livereload-js@2.2.2
20 silly idealTree:prePrune ├── load-json-file@1.1.0
20 silly idealTree:prePrune ├── lodash@3.10.1
20 silly idealTree:prePrune ├── longest@1.0.1
20 silly idealTree:prePrune ├── loud-rejection@1.5.0
20 silly idealTree:prePrune ├── lru-cache@2.7.3
20 silly idealTree:prePrune ├── map-obj@1.0.1
20 silly idealTree:prePrune ├── maxmin@1.1.0
20 silly idealTree:prePrune ├── media-typer@0.3.0
20 silly idealTree:prePrune ├── meow@3.7.0
20 silly idealTree:prePrune ├── mime-db@1.23.0
20 silly idealTree:prePrune ├── mime-types@2.1.11
20 silly idealTree:prePrune ├── mime@1.3.4
20 silly idealTree:prePrune ├── minimatch@3.0.0
20 silly idealTree:prePrune ├── minimist@1.2.0
20 silly idealTree:prePrune ├── morgan@1.7.0
20 silly idealTree:prePrune ├── ms@0.7.1
20 silly idealTree:prePrune ├── negotiator@0.6.1
20 silly idealTree:prePrune ├── nopt@3.0.6
20 silly idealTree:prePrune ├── normalize-package-data@2.3.5
20 silly idealTree:prePrune ├── number-is-nan@1.0.0
20 silly idealTree:prePrune ├── object-assign@4.1.0
20 silly idealTree:prePrune ├── on-finished@2.3.0
20 silly idealTree:prePrune ├── on-headers@1.0.1
20 silly idealTree:prePrune ├── once@1.3.3
20 silly idealTree:prePrune ├── opn@4.0.2
20 silly idealTree:prePrune ├── pako@0.2.8
20 silly idealTree:prePrune ├── parse-json@2.2.0
20 silly idealTree:prePrune ├── parseurl@1.3.1
20 silly idealTree:prePrune ├── path-exists@2.1.0
20 silly idealTree:prePrune ├── path-is-absolute@1.0.0
20 silly idealTree:prePrune ├── path-type@1.1.0
20 silly idealTree:prePrune ├── pify@2.3.0
20 silly idealTree:prePrune ├── pinkie-promise@2.0.1
20 silly idealTree:prePrune ├── pinkie@2.0.4
20 silly idealTree:prePrune ├─┬ portscanner@1.0.0
20 silly idealTree:prePrune │ └── async@0.1.15
20 silly idealTree:prePrune ├── pretty-bytes@1.0.4
20 silly idealTree:prePrune ├── process-nextick-args@1.0.7
20 silly idealTree:prePrune ├── qs@5.1.0
20 silly idealTree:prePrune ├── range-parser@1.2.0
20 silly idealTree:prePrune ├─┬ raw-body@2.1.6
20 silly idealTree:prePrune │ └── bytes@2.3.0
20 silly idealTree:prePrune ├── read-pkg-up@1.0.1
20 silly idealTree:prePrune ├── read-pkg@1.1.0
20 silly idealTree:prePrune ├── readable-stream@2.0.6
20 silly idealTree:prePrune ├── redent@1.0.0
20 silly idealTree:prePrune ├── repeat-string@1.5.4
20 silly idealTree:prePrune ├── repeating@2.0.1
20 silly idealTree:prePrune ├── resolve@1.1.7
20 silly idealTree:prePrune ├── right-align@0.1.3
20 silly idealTree:prePrune ├── rimraf@2.2.8
20 silly idealTree:prePrune ├── semver@5.1.0
20 silly idealTree:prePrune ├── send@0.14.1
20 silly idealTree:prePrune ├── serve-index@1.8.0
20 silly idealTree:prePrune ├── serve-static@1.11.1
20 silly idealTree:prePrune ├── setprototypeof@1.0.1
20 silly idealTree:prePrune ├── sigmund@1.0.1
20 silly idealTree:prePrune ├── signal-exit@3.0.0
20 silly idealTree:prePrune ├── source-map@0.5.6
20 silly idealTree:prePrune ├── spdx-correct@1.0.2
20 silly idealTree:prePrune ├── spdx-exceptions@1.0.4
20 silly idealTree:prePrune ├── spdx-expression-parse@1.0.2
20 silly idealTree:prePrune ├── spdx-license-ids@1.2.1
20 silly idealTree:prePrune ├── sprintf-js@1.0.3
20 silly idealTree:prePrune ├── statuses@1.3.0
20 silly idealTree:prePrune ├── string_decoder@0.10.31
20 silly idealTree:prePrune ├── strip-ansi@3.0.1
20 silly idealTree:prePrune ├── strip-bom@2.0.0
20 silly idealTree:prePrune ├── strip-indent@1.0.1
20 silly idealTree:prePrune ├── supports-color@2.0.0
20 silly idealTree:prePrune ├── tiny-lr@0.2.1
20 silly idealTree:prePrune ├── trim-newlines@1.0.0
20 silly idealTree:prePrune ├── type-is@1.6.13
20 silly idealTree:prePrune ├── typedarray@0.0.6
20 silly idealTree:prePrune ├─┬ uglify-js@2.6.2
20 silly idealTree:prePrune │ └── async@0.2.10
20 silly idealTree:prePrune ├── uglify-to-browserify@1.0.2
20 silly idealTree:prePrune ├── underscore.string@3.2.3
20 silly idealTree:prePrune ├── unpipe@1.0.0
20 silly idealTree:prePrune ├── uri-path@1.0.0
20 silly idealTree:prePrune ├── util-deprecate@1.0.2
20 silly idealTree:prePrune ├── utils-merge@1.0.0
20 silly idealTree:prePrune ├── validate-npm-package-license@3.0.1
20 silly idealTree:prePrune ├── websocket-driver@0.6.5
20 silly idealTree:prePrune ├── websocket-extensions@0.1.1
20 silly idealTree:prePrune ├── which@1.2.10
20 silly idealTree:prePrune ├── window-size@0.1.0
20 silly idealTree:prePrune ├── wordwrap@0.0.2
20 silly idealTree:prePrune ├── wrappy@1.0.2
20 silly idealTree:prePrune └─┬ yargs@3.10.0
20 silly idealTree:prePrune   └── camelcase@1.2.1
21 silly loadIdealTree Finishing
22 silly currentTree asi-react-jump@1.0.0
22 silly currentTree ├── abbrev@1.0.9
22 silly currentTree ├── accepts@1.3.3
22 silly currentTree ├── align-text@0.1.4
22 silly currentTree ├── ansi-regex@2.0.0
22 silly currentTree ├── ansi-styles@2.2.1
22 silly currentTree ├── argparse@1.0.7
22 silly currentTree ├── array-find-index@1.0.1
22 silly currentTree ├── async@1.5.2
22 silly currentTree ├── balanced-match@0.4.1
22 silly currentTree ├── basic-auth@1.0.4
22 silly currentTree ├── batch@0.5.3
22 silly currentTree ├─┬ body-parser@1.14.2
22 silly currentTree │ ├── http-errors@1.3.1
22 silly currentTree │ └── qs@5.2.0
22 silly currentTree ├── brace-expansion@1.1.5
22 silly currentTree ├── browserify-zlib@0.1.4
22 silly currentTree ├── builtin-modules@1.1.1
22 silly currentTree ├── bytes@2.2.0
22 silly currentTree ├── camelcase-keys@2.1.0
22 silly currentTree ├── camelcase@2.1.1
22 silly currentTree ├── center-align@0.1.3
22 silly currentTree ├── chalk@1.1.3
22 silly currentTree ├── cliui@2.1.0
22 silly currentTree ├── coffee-script@1.10.0
22 silly currentTree ├── colors@1.1.2
22 silly currentTree ├── concat-map@0.0.1
22 silly currentTree ├── concat-stream@1.5.1
22 silly currentTree ├── connect-livereload@0.5.4
22 silly currentTree ├── connect@3.4.1
22 silly currentTree ├── content-type@1.0.2
22 silly currentTree ├── core-util-is@1.0.2
22 silly currentTree ├── cross-spawn@0.2.9
22 silly currentTree ├── currently-unhandled@0.4.1
22 silly currentTree ├── dargs@4.1.0
22 silly currentTree ├── dateformat@1.0.12
22 silly currentTree ├── debug@2.2.0
22 silly currentTree ├── decamelize@1.2.0
22 silly currentTree ├── depd@1.1.0
22 silly currentTree ├── destroy@1.0.4
22 silly currentTree ├── ee-first@1.1.1
22 silly currentTree ├── encodeurl@1.0.1
22 silly currentTree ├── error-ex@1.3.0
22 silly currentTree ├── escape-html@1.0.3
22 silly currentTree ├── escape-string-regexp@1.0.5
22 silly currentTree ├── esprima@2.7.2
22 silly currentTree ├── etag@1.7.0
22 silly currentTree ├── eventemitter2@0.4.14
22 silly currentTree ├── exit@0.1.2
22 silly currentTree ├── faye-websocket@0.10.0
22 silly currentTree ├── figures@1.7.0
22 silly currentTree ├── finalhandler@0.4.1
22 silly currentTree ├── find-up@1.1.2
22 silly currentTree ├─┬ findup-sync@0.3.0
22 silly currentTree │ └── glob@5.0.15
22 silly currentTree ├── fresh@0.3.0
22 silly currentTree ├── fs.realpath@1.0.0
22 silly currentTree ├── gaze@1.0.0
22 silly currentTree ├── get-stdin@4.0.1
22 silly currentTree ├── getobject@0.1.0
22 silly currentTree ├── glob@7.0.4
22 silly currentTree ├─┬ globule@0.2.0
22 silly currentTree │ ├─┬ glob@3.2.11
22 silly currentTree │ │ └── minimatch@0.3.0
22 silly currentTree │ ├── lodash@2.4.2
22 silly currentTree │ └── minimatch@0.2.14
22 silly currentTree ├── graceful-fs@4.1.4
22 silly currentTree ├── grunt-cli@1.2.0
22 silly currentTree ├─┬ grunt-contrib-clean@1.0.0
22 silly currentTree │ └── rimraf@2.5.2
22 silly currentTree ├── grunt-contrib-concat@1.0.1
22 silly currentTree ├── grunt-contrib-connect@1.0.2
22 silly currentTree ├─┬ grunt-contrib-sass@1.0.0
22 silly currentTree │ └── async@0.9.2
22 silly currentTree ├─┬ grunt-contrib-uglify@1.0.1
22 silly currentTree │ └── lodash@4.13.1
22 silly currentTree ├── grunt-contrib-watch@1.0.0
22 silly currentTree ├── grunt-known-options@1.1.0
22 silly currentTree ├─┬ grunt-legacy-log-utils@1.0.0
22 silly currentTree │ └── lodash@4.3.0
22 silly currentTree ├── grunt-legacy-log@1.0.0
22 silly currentTree ├─┬ grunt-legacy-util@1.0.0
22 silly currentTree │ └── lodash@4.3.0
22 silly currentTree ├── grunt@1.0.1
22 silly currentTree ├── gzip-size@1.0.0
22 silly currentTree ├── has-ansi@2.0.0
22 silly currentTree ├── hooker@0.2.3
22 silly currentTree ├── hosted-git-info@2.1.5
22 silly currentTree ├── http-errors@1.5.0
22 silly currentTree ├── http2@3.3.4
22 silly currentTree ├── iconv-lite@0.4.13
22 silly currentTree ├── indent-string@2.1.0
22 silly currentTree ├── inflight@1.0.5
22 silly currentTree ├── inherits@2.0.1
22 silly currentTree ├── is-arrayish@0.2.1
22 silly currentTree ├── is-buffer@1.1.3
22 silly currentTree ├── is-builtin-module@1.0.0
22 silly currentTree ├── is-finite@1.0.1
22 silly currentTree ├── is-utf8@0.2.1
22 silly currentTree ├── isarray@1.0.0
22 silly currentTree ├── isexe@1.1.2
22 silly currentTree ├── js-yaml@3.5.5
22 silly currentTree ├── kind-of@3.0.3
22 silly currentTree ├── lazy-cache@1.0.4
22 silly currentTree ├── livereload-js@2.2.2
22 silly currentTree ├── load-json-file@1.1.0
22 silly currentTree ├── lodash@3.10.1
22 silly currentTree ├── longest@1.0.1
22 silly currentTree ├── loud-rejection@1.5.0
22 silly currentTree ├── lru-cache@2.7.3
22 silly currentTree ├── map-obj@1.0.1
22 silly currentTree ├── maxmin@1.1.0
22 silly currentTree ├── media-typer@0.3.0
22 silly currentTree ├── meow@3.7.0
22 silly currentTree ├── mime-db@1.23.0
22 silly currentTree ├── mime-types@2.1.11
22 silly currentTree ├── mime@1.3.4
22 silly currentTree ├── minimatch@3.0.0
22 silly currentTree ├── minimist@1.2.0
22 silly currentTree ├── morgan@1.7.0
22 silly currentTree ├── ms@0.7.1
22 silly currentTree ├── negotiator@0.6.1
22 silly currentTree ├── nopt@3.0.6
22 silly currentTree ├── normalize-package-data@2.3.5
22 silly currentTree ├── number-is-nan@1.0.0
22 silly currentTree ├── object-assign@4.1.0
22 silly currentTree ├── on-finished@2.3.0
22 silly currentTree ├── on-headers@1.0.1
22 silly currentTree ├── once@1.3.3
22 silly currentTree ├── opn@4.0.2
22 silly currentTree ├── pako@0.2.8
22 silly currentTree ├── parse-json@2.2.0
22 silly currentTree ├── parseurl@1.3.1
22 silly currentTree ├── path-exists@2.1.0
22 silly currentTree ├── path-is-absolute@1.0.0
22 silly currentTree ├── path-type@1.1.0
22 silly currentTree ├── pify@2.3.0
22 silly currentTree ├── pinkie-promise@2.0.1
22 silly currentTree ├── pinkie@2.0.4
22 silly currentTree ├─┬ portscanner@1.0.0
22 silly currentTree │ └── async@0.1.15
22 silly currentTree ├── pretty-bytes@1.0.4
22 silly currentTree ├── process-nextick-args@1.0.7
22 silly currentTree ├── qs@5.1.0
22 silly currentTree ├── range-parser@1.2.0
22 silly currentTree ├─┬ raw-body@2.1.6
22 silly currentTree │ └── bytes@2.3.0
22 silly currentTree ├── read-pkg-up@1.0.1
22 silly currentTree ├── read-pkg@1.1.0
22 silly currentTree ├── readable-stream@2.0.6
22 silly currentTree ├── redent@1.0.0
22 silly currentTree ├── repeat-string@1.5.4
22 silly currentTree ├── repeating@2.0.1
22 silly currentTree ├── resolve@1.1.7
22 silly currentTree ├── right-align@0.1.3
22 silly currentTree ├── rimraf@2.2.8
22 silly currentTree ├── semver@5.1.0
22 silly currentTree ├── send@0.14.1
22 silly currentTree ├── serve-index@1.8.0
22 silly currentTree ├── serve-static@1.11.1
22 silly currentTree ├── setprototypeof@1.0.1
22 silly currentTree ├── sigmund@1.0.1
22 silly currentTree ├── signal-exit@3.0.0
22 silly currentTree ├── source-map@0.5.6
22 silly currentTree ├── spdx-correct@1.0.2
22 silly currentTree ├── spdx-exceptions@1.0.4
22 silly currentTree ├── spdx-expression-parse@1.0.2
22 silly currentTree ├── spdx-license-ids@1.2.1
22 silly currentTree ├── sprintf-js@1.0.3
22 silly currentTree ├── statuses@1.3.0
22 silly currentTree ├── string_decoder@0.10.31
22 silly currentTree ├── strip-ansi@3.0.1
22 silly currentTree ├── strip-bom@2.0.0
22 silly currentTree ├── strip-indent@1.0.1
22 silly currentTree ├── supports-color@2.0.0
22 silly currentTree ├── tiny-lr@0.2.1
22 silly currentTree ├── trim-newlines@1.0.0
22 silly currentTree ├── type-is@1.6.13
22 silly currentTree ├── typedarray@0.0.6
22 silly currentTree ├─┬ uglify-js@2.6.2
22 silly currentTree │ └── async@0.2.10
22 silly currentTree ├── uglify-to-browserify@1.0.2
22 silly currentTree ├── underscore.string@3.2.3
22 silly currentTree ├── unpipe@1.0.0
22 silly currentTree ├── uri-path@1.0.0
22 silly currentTree ├── util-deprecate@1.0.2
22 silly currentTree ├── utils-merge@1.0.0
22 silly currentTree ├── validate-npm-package-license@3.0.1
22 silly currentTree ├── websocket-driver@0.6.5
22 silly currentTree ├── websocket-extensions@0.1.1
22 silly currentTree ├── which@1.2.10
22 silly currentTree ├── window-size@0.1.0
22 silly currentTree ├── wordwrap@0.0.2
22 silly currentTree ├── wrappy@1.0.2
22 silly currentTree └─┬ yargs@3.10.0
22 silly currentTree   └── camelcase@1.2.1
23 silly idealTree asi-react-jump@1.0.0
23 silly idealTree ├── abbrev@1.0.9
23 silly idealTree ├── accepts@1.3.3
23 silly idealTree ├── align-text@0.1.4
23 silly idealTree ├── ansi-regex@2.0.0
23 silly idealTree ├── ansi-styles@2.2.1
23 silly idealTree ├── argparse@1.0.7
23 silly idealTree ├── array-find-index@1.0.1
23 silly idealTree ├── async@1.5.2
23 silly idealTree ├── balanced-match@0.4.1
23 silly idealTree ├── basic-auth@1.0.4
23 silly idealTree ├── batch@0.5.3
23 silly idealTree ├─┬ body-parser@1.14.2
23 silly idealTree │ ├── http-errors@1.3.1
23 silly idealTree │ └── qs@5.2.0
23 silly idealTree ├── brace-expansion@1.1.5
23 silly idealTree ├── browserify-zlib@0.1.4
23 silly idealTree ├── builtin-modules@1.1.1
23 silly idealTree ├── bytes@2.2.0
23 silly idealTree ├── camelcase-keys@2.1.0
23 silly idealTree ├── camelcase@2.1.1
23 silly idealTree ├── center-align@0.1.3
23 silly idealTree ├── chalk@1.1.3
23 silly idealTree ├── cliui@2.1.0
23 silly idealTree ├── coffee-script@1.10.0
23 silly idealTree ├── colors@1.1.2
23 silly idealTree ├── concat-map@0.0.1
23 silly idealTree ├── concat-stream@1.5.1
23 silly idealTree ├── connect-livereload@0.5.4
23 silly idealTree ├── connect@3.4.1
23 silly idealTree ├── content-type@1.0.2
23 silly idealTree ├── core-util-is@1.0.2
23 silly idealTree ├── cross-spawn@0.2.9
23 silly idealTree ├── currently-unhandled@0.4.1
23 silly idealTree ├── dargs@4.1.0
23 silly idealTree ├── dateformat@1.0.12
23 silly idealTree ├── debug@2.2.0
23 silly idealTree ├── decamelize@1.2.0
23 silly idealTree ├── depd@1.1.0
23 silly idealTree ├── destroy@1.0.4
23 silly idealTree ├── ee-first@1.1.1
23 silly idealTree ├── encodeurl@1.0.1
23 silly idealTree ├── error-ex@1.3.0
23 silly idealTree ├── escape-html@1.0.3
23 silly idealTree ├── escape-string-regexp@1.0.5
23 silly idealTree ├── esprima@2.7.2
23 silly idealTree ├── etag@1.7.0
23 silly idealTree ├── eventemitter2@0.4.14
23 silly idealTree ├── exit@0.1.2
23 silly idealTree ├── faye-websocket@0.10.0
23 silly idealTree ├── figures@1.7.0
23 silly idealTree ├── finalhandler@0.4.1
23 silly idealTree ├── find-up@1.1.2
23 silly idealTree ├─┬ findup-sync@0.3.0
23 silly idealTree │ └── glob@5.0.15
23 silly idealTree ├── fresh@0.3.0
23 silly idealTree ├── fs.realpath@1.0.0
23 silly idealTree ├── gaze@1.0.0
23 silly idealTree ├── get-stdin@4.0.1
23 silly idealTree ├── getobject@0.1.0
23 silly idealTree ├── glob@7.0.4
23 silly idealTree ├─┬ globule@0.2.0
23 silly idealTree │ ├─┬ glob@3.2.11
23 silly idealTree │ │ └── minimatch@0.3.0
23 silly idealTree │ ├── lodash@2.4.2
23 silly idealTree │ └── minimatch@0.2.14
23 silly idealTree ├── graceful-fs@4.1.4
23 silly idealTree ├── grunt-cli@1.2.0
23 silly idealTree ├─┬ grunt-contrib-clean@1.0.0
23 silly idealTree │ └── rimraf@2.5.2
23 silly idealTree ├── grunt-contrib-concat@1.0.1
23 silly idealTree ├── grunt-contrib-connect@1.0.2
23 silly idealTree ├─┬ grunt-contrib-sass@1.0.0
23 silly idealTree │ └── async@0.9.2
23 silly idealTree ├─┬ grunt-contrib-uglify@1.0.1
23 silly idealTree │ └── lodash@4.13.1
23 silly idealTree ├── grunt-contrib-watch@1.0.0
23 silly idealTree ├── grunt-known-options@1.1.0
23 silly idealTree ├─┬ grunt-legacy-log-utils@1.0.0
23 silly idealTree │ └── lodash@4.3.0
23 silly idealTree ├── grunt-legacy-log@1.0.0
23 silly idealTree ├─┬ grunt-legacy-util@1.0.0
23 silly idealTree │ └── lodash@4.3.0
23 silly idealTree ├── grunt@1.0.1
23 silly idealTree ├── gzip-size@1.0.0
23 silly idealTree ├── has-ansi@2.0.0
23 silly idealTree ├── hooker@0.2.3
23 silly idealTree ├── hosted-git-info@2.1.5
23 silly idealTree ├── http-errors@1.5.0
23 silly idealTree ├── http2@3.3.4
23 silly idealTree ├── iconv-lite@0.4.13
23 silly idealTree ├── indent-string@2.1.0
23 silly idealTree ├── inflight@1.0.5
23 silly idealTree ├── inherits@2.0.1
23 silly idealTree ├── is-arrayish@0.2.1
23 silly idealTree ├── is-buffer@1.1.3
23 silly idealTree ├── is-builtin-module@1.0.0
23 silly idealTree ├── is-finite@1.0.1
23 silly idealTree ├── is-utf8@0.2.1
23 silly idealTree ├── isarray@1.0.0
23 silly idealTree ├── isexe@1.1.2
23 silly idealTree ├── js-yaml@3.5.5
23 silly idealTree ├── kind-of@3.0.3
23 silly idealTree ├── lazy-cache@1.0.4
23 silly idealTree ├── livereload-js@2.2.2
23 silly idealTree ├── load-json-file@1.1.0
23 silly idealTree ├── lodash@3.10.1
23 silly idealTree ├── longest@1.0.1
23 silly idealTree ├── loud-rejection@1.5.0
23 silly idealTree ├── lru-cache@2.7.3
23 silly idealTree ├── map-obj@1.0.1
23 silly idealTree ├── maxmin@1.1.0
23 silly idealTree ├── media-typer@0.3.0
23 silly idealTree ├── meow@3.7.0
23 silly idealTree ├── mime-db@1.23.0
23 silly idealTree ├── mime-types@2.1.11
23 silly idealTree ├── mime@1.3.4
23 silly idealTree ├── minimatch@3.0.0
23 silly idealTree ├── minimist@1.2.0
23 silly idealTree ├── morgan@1.7.0
23 silly idealTree ├── ms@0.7.1
23 silly idealTree ├── negotiator@0.6.1
23 silly idealTree ├── nopt@3.0.6
23 silly idealTree ├── normalize-package-data@2.3.5
23 silly idealTree ├── number-is-nan@1.0.0
23 silly idealTree ├── object-assign@4.1.0
23 silly idealTree ├── on-finished@2.3.0
23 silly idealTree ├── on-headers@1.0.1
23 silly idealTree ├── once@1.3.3
23 silly idealTree ├── opn@4.0.2
23 silly idealTree ├── pako@0.2.8
23 silly idealTree ├── parse-json@2.2.0
23 silly idealTree ├── parseurl@1.3.1
23 silly idealTree ├── path-exists@2.1.0
23 silly idealTree ├── path-is-absolute@1.0.0
23 silly idealTree ├── path-type@1.1.0
23 silly idealTree ├── pify@2.3.0
23 silly idealTree ├── pinkie-promise@2.0.1
23 silly idealTree ├── pinkie@2.0.4
23 silly idealTree ├─┬ portscanner@1.0.0
23 silly idealTree │ └── async@0.1.15
23 silly idealTree ├── pretty-bytes@1.0.4
23 silly idealTree ├── process-nextick-args@1.0.7
23 silly idealTree ├── qs@5.1.0
23 silly idealTree ├── range-parser@1.2.0
23 silly idealTree ├─┬ raw-body@2.1.6
23 silly idealTree │ └── bytes@2.3.0
23 silly idealTree ├── read-pkg-up@1.0.1
23 silly idealTree ├── read-pkg@1.1.0
23 silly idealTree ├── readable-stream@2.0.6
23 silly idealTree ├── redent@1.0.0
23 silly idealTree ├── repeat-string@1.5.4
23 silly idealTree ├── repeating@2.0.1
23 silly idealTree ├── resolve@1.1.7
23 silly idealTree ├── right-align@0.1.3
23 silly idealTree ├── rimraf@2.2.8
23 silly idealTree ├── semver@5.1.0
23 silly idealTree ├── send@0.14.1
23 silly idealTree ├── serve-index@1.8.0
23 silly idealTree ├── serve-static@1.11.1
23 silly idealTree ├── setprototypeof@1.0.1
23 silly idealTree ├── sigmund@1.0.1
23 silly idealTree ├── signal-exit@3.0.0
23 silly idealTree ├── source-map@0.5.6
23 silly idealTree ├── spdx-correct@1.0.2
23 silly idealTree ├── spdx-exceptions@1.0.4
23 silly idealTree ├── spdx-expression-parse@1.0.2
23 silly idealTree ├── spdx-license-ids@1.2.1
23 silly idealTree ├── sprintf-js@1.0.3
23 silly idealTree ├── statuses@1.3.0
23 silly idealTree ├── string_decoder@0.10.31
23 silly idealTree ├── strip-ansi@3.0.1
23 silly idealTree ├── strip-bom@2.0.0
23 silly idealTree ├── strip-indent@1.0.1
23 silly idealTree ├── supports-color@2.0.0
23 silly idealTree ├── tiny-lr@0.2.1
23 silly idealTree ├── trim-newlines@1.0.0
23 silly idealTree ├── type-is@1.6.13
23 silly idealTree ├── typedarray@0.0.6
23 silly idealTree ├─┬ uglify-js@2.6.2
23 silly idealTree │ └── async@0.2.10
23 silly idealTree ├── uglify-to-browserify@1.0.2
23 silly idealTree ├── underscore.string@3.2.3
23 silly idealTree ├── unpipe@1.0.0
23 silly idealTree ├── uri-path@1.0.0
23 silly idealTree ├── util-deprecate@1.0.2
23 silly idealTree ├── utils-merge@1.0.0
23 silly idealTree ├── validate-npm-package-license@3.0.1
23 silly idealTree ├── websocket-driver@0.6.5
23 silly idealTree ├── websocket-extensions@0.1.1
23 silly idealTree ├── which@1.2.10
23 silly idealTree ├── window-size@0.1.0
23 silly idealTree ├── wordwrap@0.0.2
23 silly idealTree ├── wrappy@1.0.2
23 silly idealTree └─┬ yargs@3.10.0
23 silly idealTree   └── camelcase@1.2.1
24 silly generateActionsToTake Starting
25 silly install generateActionsToTake
26 warn checkPermissions Missing write access to /home/smax/_git/french-fries/node_modules
27 silly rollbackFailedOptional Starting
28 silly rollbackFailedOptional Finishing
29 silly runTopLevelLifecycles Starting
30 silly runTopLevelLifecycles Finishing
31 silly install printInstalled
32 verbose stack Error: EACCES: permission denied, access '/home/smax/_git/french-fries/node_modules'
32 verbose stack     at Error (native)
33 verbose cwd /home/smax/_git/french-fries
34 error Linux 4.4.0-22-generic
35 error argv "/usr/bin/nodejs" "/usr/bin/npm" "install"
36 error node v4.2.6
37 error npm  v3.5.2
38 error path /home/smax/_git/french-fries/node_modules
39 error code EACCES
40 error errno -13
41 error syscall access
42 error Error: EACCES: permission denied, access '/home/smax/_git/french-fries/node_modules'
42 error     at Error (native)
42 error  { [Error: EACCES: permission denied, access '/home/smax/_git/french-fries/node_modules']
42 error   errno: -13,
42 error   code: 'EACCES',
42 error   syscall: 'access',
42 error   path: '/home/smax/_git/french-fries/node_modules' }
43 error Please try running this command again as root/Administrator.
44 verbose exit [ -13, true ]
